Using pre-set license
Built from '2020.3/staging' branch; Version is '2020.3.32f1 (12f8b0834f07) revision 1243312'; Using compiler version '192528614'; Build Type 'Release'
OS: 'Windows 11  (10.0.22000) 64bit Core' Language: 'en' Physical Memory: 7914 MB
BatchMode: 1, IsHumanControllingUs: 0, StartBugReporterOnCrash: 0, Is64bit: 1, IsPro: 0

COMMAND LINE ARGUMENTS:
C:\Program Files\Unity\Hub\Editor\2020.3.32f1\Editor\Unity.exe
-adb2
-batchMode
-noUpm
-name
AssetImportWorker0
-projectPath
C:/Users/Simkh/Documents/WICS Projects/Current Projects/Messing Around/Project Blank REVAMPED
-logFile
Logs/AssetImportWorker0.log
-srvPort
59558
Successfully changed project path to: C:/Users/Simkh/Documents/WICS Projects/Current Projects/Messing Around/Project Blank REVAMPED
C:/Users/Simkh/Documents/WICS Projects/Current Projects/Messing Around/Project Blank REVAMPED
Using Asset Import Pipeline V2.
